2015-02-08 17:20:07.672+0000 INFO  [org.neo4j]: You are using an unsupported version of the Java runtime. Please use Oracle(R) Java(TM) Runtime Environment 7 or OpenJDK(TM) 7.
2015-02-08 17:20:07.711+0000 INFO  [org.neo4j]: No locking implementation specified, defaulting to 'community'
2015-02-08 17:20:07.755+0000 INFO  [org.neo4j]: --- INITIALIZED diagnostics START ---
2015-02-08 17:20:07.758+0000 INFO  [org.neo4j]: Neo4j Kernel properties:
    store_dir=sssp
    ephemeral=false
2015-02-08 17:20:07.762+0000 INFO  [org.neo4j]: Diagnostics providers:
    org.neo4j.kernel.configuration.Config
    org.neo4j.kernel.info.DiagnosticsManager
    SYSTEM_MEMORY
    JAVA_MEMORY
    OPERATING_SYSTEM
    JAVA_VIRTUAL_MACHINE
    CLASSPATH
    LIBRARY_PATH
    SYSTEM_PROPERTIES
    LINUX_SCHEDULERS
    NETWORK
2015-02-08 17:20:07.762+0000 INFO  [org.neo4j]: System memory information:
    Total Physical memory: 7.68 GB
    Free Physical memory: 1.26 GB
    Committed virtual memory: 4.20 GB
    Total swap space: 7.88 GB
    Free swap space: 7.88 GB
2015-02-08 17:20:07.765+0000 INFO  [org.neo4j]: JVM memory information:
    Free  memory: 93.78 MB
    Total memory: 119.00 MB
    Max   memory: 1.71 GB
    Garbage Collector: PS Scavenge: [PS Eden Space, PS Survivor Space]
    Garbage Collector: PS MarkSweep: [PS Eden Space, PS Survivor Space, PS Old Gen]
    Memory Pool: Code Cache (Non-heap memory): committed=2.44 MB, used=2.38 MB, max=240.00 MB, threshold=0.00 B
    Memory Pool: Metaspace (Non-heap memory): committed=7.25 MB, used=6.82 MB, max=-1.00 B, threshold=0.00 B
    Memory Pool: Compressed Class Space (Non-heap memory): committed=1.00 MB, used=908.20 kB, max=1.00 GB, threshold=0.00 B
    Memory Pool: PS Eden Space (Heap memory): committed=31.00 MB, used=25.22 MB, max=646.00 MB, threshold=?
    Memory Pool: PS Survivor Space (Heap memory): committed=5.00 MB, used=0.00 B, max=5.00 MB, threshold=?
    Memory Pool: PS Old Gen (Heap memory): committed=83.00 MB, used=0.00 B, max=1.28 GB, threshold=0.00 B
2015-02-08 17:20:07.769+0000 INFO  [org.neo4j]: Operating system information:
    Operating System: Linux; version: 3.13.0-43-generic; arch: amd64; cpus: 4
    Max number of file descriptors: 4096
    Number of open file descriptors: 32
    Process id: 5756@dk-ASUS-H97M-E
    Byte order: LITTLE_ENDIAN
    Local timezone: Asia/Tokyo
2015-02-08 17:20:07.773+0000 INFO  [org.neo4j]: JVM information:
    VM Name: Java HotSpot(TM) 64-Bit Server VM
    VM Vendor: Oracle Corporation
    VM Version: 25.20-b23
    JIT compiler: HotSpot 64-Bit Tiered Compilers
    VM Arguments: [-Dfile.encoding=UTF-8]
2015-02-08 17:20:07.773+0000 INFO  [org.neo4j]: Java classpath:
     [classpath + loader.0] file:/home/dk/github_workspace/Neo4jSample/lib/neo4j-csv-2.2.0-M03.jar
     [classpath + loader.0] file:/home/dk/github_workspace/Neo4jSample/lib/neo4j-io-2.2.0-M03.jar
     [bootstrap] /opt/java/jdk1.8.0_20/jre/lib/resources.jar
     [bootstrap] /opt/java/jdk1.8.0_20/jre/lib/jce.jar
     [classpath + loader.0] file:/home/dk/github_workspace/Neo4jSample/lib/neo4j-cypher-compiler-1.9-2.0.4.jar
     [classpath + loader.0] file:/home/dk/github_workspace/Neo4jSample/lib/neo4j-cypher-compiler-2.0-2.0.4.jar
     [classpath + loader.0] file:/home/dk/github_workspace/Neo4jSample/lib/neo4j-primitive-collections-2.2.0-M03.jar
     [loader.1] file:/opt/java/jdk1.8.0_20/jre/lib/ext/jfxrt.jar
     [loader.1] file:/opt/java/jdk1.8.0_20/jre/lib/ext/zipfs.jar
     [classpath + loader.0] file:/home/dk/github_workspace/Neo4jSample/lib/opencsv-2.3.jar
     [bootstrap] /opt/java/jdk1.8.0_20/jre/lib/jsse.jar
     [classpath + loader.0] file:/home/dk/github_workspace/Neo4jSample/lib/neo4j-cypher-2.2.0-M03.jar
     [classpath + loader.0] file:/home/dk/github_workspace/Neo4jSample/lib/neo4j-graph-algo-2.2.0-M03.jar
     [loader.1] file:/opt/java/jdk1.8.0_20/jre/lib/ext/sunjce_provider.jar
     [classpath + loader.0] file:/home/dk/github_workspace/Neo4jSample/lib/neo4j-cypher-compiler-2.2-2.2.0-M03.jar
     [classpath + loader.0] file:/home/dk/github_workspace/Neo4jSample/lib/neo4j-shell-2.2.0-M03.jar
     [loader.1] file:/opt/java/jdk1.8.0_20/jre/lib/ext/cldrdata.jar
     [bootstrap] /opt/java/jdk1.8.0_20/jre/classes
     [bootstrap] /opt/java/jdk1.8.0_20/jre/lib/charsets.jar
     [classpath + loader.0] file:/home/dk/github_workspace/Neo4jSample/lib/neo4j-cypher-compiler-2.1-2.1.6.jar
     [classpath + loader.0] file:/home/dk/github_workspace/Neo4jSample/lib/neo4j-kernel-2.2.0-M03.jar
     [loader.1] file:/opt/java/jdk1.8.0_20/jre/lib/ext/dnsns.jar
     [classpath + loader.0] file:/home/dk/github_workspace/Neo4jSample/lib/parboiled-core-1.1.6.jar
     [classpath + loader.0] file:/home/dk/github_workspace/Neo4jSample/lib/neo4j-jmx-2.2.0-M03.jar
     [loader.1] file:/opt/java/jdk1.8.0_20/jre/lib/ext/sunec.jar
     [classpath + loader.0] file:/home/dk/github_workspace/Neo4jSample/lib/server-api-2.2.0-M03.jar
     [classpath + loader.0] file:/home/dk/github_workspace/Neo4jSample/lib/neo4j-lucene-index-2.2.0-M03.jar
     [loader.1] file:/opt/java/jdk1.8.0_20/jre/lib/ext/sunpkcs11.jar
     [classpath + loader.0] file:/home/dk/github_workspace/Neo4jSample/lib/lucene-core-3.6.2.jar
     [classpath + loader.0] file:/home/dk/github_workspace/Neo4jSample/lib/parboiled-scala_2.10-1.1.6.jar
     [classpath + loader.0] file:/home/dk/github_workspace/Neo4jSample/lib/scala-library-2.10.4.jar
     [bootstrap] /opt/java/jdk1.8.0_20/jre/lib/jfr.jar
     [classpath + loader.0] file:/home/dk/github_workspace/Neo4jSample/lib/neo4j-import-tool-2.2.0-M03.jar
     [classpath + loader.0] file:/home/dk/github_workspace/Neo4jSample/lib/neo4j-udc-2.2.0-M03.jar
     [classpath + loader.0] file:/home/dk/github_workspace/Neo4jSample/lib/neo4j-graph-matching-2.2.0-M03.jar
     [classpath + loader.0] file:/home/dk/github_workspace/Neo4jSample/lib/concurrentlinkedhashmap-lru-1.4.jar
     [classpath + loader.0] file:/home/dk/github_workspace/Neo4jSample/lib/org.apache.servicemix.bundles.jline-0.9.94_1.jar
     [loader.1] file:/opt/java/jdk1.8.0_20/jre/lib/ext/localedata.jar
     [bootstrap] /opt/java/jdk1.8.0_20/jre/lib/rt.jar
     [bootstrap] /opt/java/jdk1.8.0_20/jre/lib/sunrsasign.jar
     [classpath + loader.0] file:/home/dk/github_workspace/Neo4jSample/lib/neo4j-consistency-check-2.2.0-M03.jar
     [loader.1] file:/opt/java/jdk1.8.0_20/jre/lib/ext/nashorn.jar
     [classpath + loader.0] file:/home/dk/github_workspace/Neo4jSample/bin/
2015-02-08 17:20:07.775+0000 INFO  [org.neo4j]: Library path:
    /usr/java/packages/lib/amd64
    /usr/lib64
    /lib64
    /lib
    /usr/lib
2015-02-08 17:20:07.775+0000 INFO  [org.neo4j]: System.properties:
    sun.boot.library.path = /opt/java/jdk1.8.0_20/jre/lib/amd64
    path.separator = :
    file.encoding.pkg = sun.io
    user.country = JP
    sun.java.launcher = SUN_STANDARD
    sun.os.patch.level = unknown
    user.dir = /home/dk/github_workspace/Neo4jSample
    sun.jnu.encoding = UTF-8
    sun.management.compiler = HotSpot 64-Bit Tiered Compilers
    user.home = /home/dk
    user.timezone = Asia/Tokyo
    file.encoding = UTF-8
    user.name = dk
    sun.java.command = jp.co.dk.neo4jsample.Neo4jSample
    sun.arch.data.model = 64
    user.language = ja
    awt.toolkit = sun.awt.X11.XToolkit
    file.separator = /
    sun.io.unicode.encoding = UnicodeLittle
    sun.cpu.endian = little
    sun.desktop = gnome
    sun.cpu.isalist = 
2015-02-08 17:20:07.775+0000 INFO  [org.neo4j]: Linux scheduler information:
    noop [deadline] cfq 
    noop [deadline] cfq 
    noop [deadline] cfq 
    noop [deadline] cfq 
    noop [deadline] cfq 
    noop [deadline] cfq 
    none
    none
    none
    none
    none
    none
    none
    none
    none
    none
    none
    none
    none
    none
    none
    none
    none
    none
    none
    none
    none
    none
    none
    none
2015-02-08 17:20:07.779+0000 INFO  [org.neo4j]: Network information:
    Interface eth0:
        address: fe80:0:0:0:12c3:7bff:fe4c:a4ef%eth0
        address: 2408:211:2:1300:c0bf:9aff:b003:1bad%eth0
        address: 2408:211:2:1300:12c3:7bff:fe4c:a4ef%eth0
        address: 192.168.11.6
    Interface lo:
        address: 0:0:0:0:0:0:0:1%lo
        address: 127.0.0.1
2015-02-08 17:20:07.781+0000 INFO  [org.neo4j]: --- INITIALIZED diagnostics END ---
2015-02-08 17:20:07.902+0000 INFO  [org.neo4j]: Creating new db @ sssp/neostore
2015-02-08 17:20:08.095+0000 INFO  [org.neo4j]: No lucene scan store index found, this might just be first use. Preparing to rebuild.
2015-02-08 17:20:08.109+0000 INFO  [org.neo4j]: No lucene scan store index found, this might just be first use. Preparing to rebuild.
2015-02-08 17:20:08.141+0000 INFO  [org.neo4j]: Opened logical log [sssp/neostore.transaction.db.0] version=0, lastTxId=1 (clean)
2015-02-08 17:20:08.143+0000 INFO  [org.neo4j]: Rebuilding lucene scan store, this may take a while
2015-02-08 17:20:08.144+0000 INFO  [org.neo4j]: Lucene scan store rebuilt (roughly -1 nodes)
2015-02-08 17:20:08.377+0000 INFO  [org.neo4j]: --- STARTED diagnostics for KernelDiagnostics:Versions START ---
2015-02-08 17:20:08.377+0000 INFO  [org.neo4j]: Graph Database: org.neo4j.kernel.EmbeddedGraphDatabase StoreId{creationTime=1423416007901, randomId=-5770858006635120250, storeVersion=14687556271633926, upgradeTime=1423416007901, upgradeId=1}
2015-02-08 17:20:08.377+0000 INFO  [org.neo4j]: Kernel version: Neo4j - Graph Database Kernel (neo4j-kernel), version: 2.2.0-M03
2015-02-08 17:20:08.377+0000 INFO  [org.neo4j]: Neo4j component versions:
2015-02-08 17:20:08.380+0000 INFO  [org.neo4j]:   Neo4j - Cypher Compiler 1.9 (neo4j-cypher-compiler-1.9), version: 2.0.4; revision: 2.0.4:2.0-maint:130/4a7d10bc274a5d26a180bbe9df25100e8a694748
2015-02-08 17:20:08.380+0000 INFO  [org.neo4j]:   Neo4j - Consistency Checker (neo4j-consistency-check), version: 2.2.0-M03; revision: 2.2.0-M03:master:640/b2cf43d03d3c600e127aa1d514923d5a7b912ef9
2015-02-08 17:20:08.380+0000 INFO  [org.neo4j]:   Neo4j - Cypher Compiler 2.2 (neo4j-cypher-compiler-2.2), version: 2.2.0-M03; revision: 2.2.0-M03:master:640/b2cf43d03d3c600e127aa1d514923d5a7b912ef9
2015-02-08 17:20:08.380+0000 INFO  [org.neo4j]:   Neo4j - Import Command Line Tool (neo4j-import-tool), version: 2.2.0-M03; revision: 2.2.0-M03:master:640/b2cf43d03d3c600e127aa1d514923d5a7b912ef9
2015-02-08 17:20:08.380+0000 INFO  [org.neo4j]:   Neo4j - Server API (server-api), version: 2.2.0-M03; revision: 2.2.0-M03:master:640/b2cf43d03d3c600e127aa1d514923d5a7b912ef9
2015-02-08 17:20:08.381+0000 INFO  [org.neo4j]:   Neo4j - Graph Database Kernel (neo4j-kernel), version: 2.2.0-M03; revision: 2.2.0-M03:master:640/b2cf43d03d3c600e127aa1d514923d5a7b912ef9
2015-02-08 17:20:08.381+0000 INFO  [org.neo4j]:   Neo4j - Cypher Compiler 2.1 (neo4j-cypher-compiler-2.1), version: 2.1.6; revision: 2.1.6:2.1-maint:605/0d7f25fc608f15c54ec1a01f4ba4564ebfb1071a
2015-02-08 17:20:08.381+0000 INFO  [org.neo4j]:   Neo4j - Generic shell (neo4j-shell), version: 2.2.0-M03; revision: 2.2.0-M03:master:640/b2cf43d03d3c600e127aa1d514923d5a7b912ef9
2015-02-08 17:20:08.381+0000 INFO  [org.neo4j]:   neo4j-udc, version: 2.2.0-M03; revision: 2.2.0-M03:master:640/b2cf43d03d3c600e127aa1d514923d5a7b912ef9
2015-02-08 17:20:08.381+0000 INFO  [org.neo4j]:   Neo4j - Lucene Index (neo4j-lucene-index), version: 2.2.0-M03; revision: 2.2.0-M03:master:640/b2cf43d03d3c600e127aa1d514923d5a7b912ef9
2015-02-08 17:20:08.381+0000 INFO  [org.neo4j]:   Neo4j - Cypher Compiler 2.0 (neo4j-cypher-compiler-2.0), version: 2.0.4; revision: 2.0.4:2.0-maint:130/4a7d10bc274a5d26a180bbe9df25100e8a694748
2015-02-08 17:20:08.381+0000 INFO  [org.neo4j]:   Neo4j - Graph Matching (neo4j-graph-matching), version: 2.2.0-M03; revision: 2.2.0-M03:master:640/b2cf43d03d3c600e127aa1d514923d5a7b912ef9
2015-02-08 17:20:08.381+0000 INFO  [org.neo4j]:   Neo4j - JMX support (neo4j-jmx), version: 2.2.0-M03; revision: 2.2.0-M03:master:640/b2cf43d03d3c600e127aa1d514923d5a7b912ef9
2015-02-08 17:20:08.381+0000 INFO  [org.neo4j]:   Neo4j - Cypher (neo4j-cypher), version: 2.2.0-M03; revision: 2.2.0-M03:master:640/b2cf43d03d3c600e127aa1d514923d5a7b912ef9
2015-02-08 17:20:08.381+0000 INFO  [org.neo4j]:   Neo4j - Graph Algorithms (neo4j-graph-algo), version: 2.2.0-M03; revision: 2.2.0-M03:master:640/b2cf43d03d3c600e127aa1d514923d5a7b912ef9
2015-02-08 17:20:08.381+0000 INFO  [org.neo4j]: --- STARTED diagnostics for KernelDiagnostics:Versions END ---
2015-02-08 17:20:08.382+0000 INFO  [org.neo4j]: --- STARTED diagnostics for NEO_STORE_VERSIONS START ---
2015-02-08 17:20:08.382+0000 INFO  [org.neo4j]: Store versions:
    Store versions:
      NeoStore v0.A.4
      SchemaStore v0.A.4
      NodeStore v0.A.4
      RelationshipStore v0.A.4
      RelationshipTypeStore v0.A.4
      LabelTokenStore v0.A.4
      PropertyStore v0.A.4
      PropertyIndexStore v0.A.4
      StringPropertyStore v0.A.4
      ArrayPropertyStore v0.A.4
      RelationshipGroupStore v0.A.4
2015-02-08 17:20:08.382+0000 INFO  [org.neo4j]: --- STARTED diagnostics for NEO_STORE_VERSIONS END ---
2015-02-08 17:20:08.382+0000 INFO  [org.neo4j]: --- STARTED diagnostics for NEO_STORE_ID_USAGE START ---
2015-02-08 17:20:08.382+0000 INFO  [org.neo4j]: Id usage:
    Id usage:
      SchemaStore: used=1 high=0
      NodeStore: used=0 high=-1
      RelationshipStore: used=0 high=-1
      RelationshipTypeStore: used=0 high=-1
      LabelTokenStore: used=0 high=-1
      PropertyStore: used=0 high=-1
      PropertyIndexStore: used=0 high=-1
      StringPropertyStore: used=1 high=0
      ArrayPropertyStore: used=1 high=0
      RelationshipGroupStore: used=1 high=0
2015-02-08 17:20:08.383+0000 INFO  [org.neo4j]: --- STARTED diagnostics for NEO_STORE_ID_USAGE END ---
2015-02-08 17:20:08.383+0000 INFO  [org.neo4j]: --- STARTED diagnostics for KernelDiagnostics:StoreFiles START ---
2015-02-08 17:20:08.384+0000 INFO  [org.neo4j]: Disk space on partition (Total / Free / Free %): 109683179520 / 50039533568 / 45
Storage files: (filename : modification date - size)
      index:
      - Total: 2015-02-09T02:20:07+0900 - 0.00 B
      lock: 2015-02-09T02:20:08+0900 - 0.00 B
      messages.log: 2015-02-09T02:20:08+0900 - 13.29 kB
      neostore: 2015-02-09T02:20:08+0900 - 99.00 B
      neostore.counts.db.a: 2015-02-09T02:20:07+0900 - 8.00 kB
      neostore.counts.db.b: 2015-02-09T02:20:07+0900 - 8.00 kB
      neostore.id: 2015-02-09T02:20:08+0900 - 9.00 B
      neostore.labeltokenstore.db: 2015-02-09T02:20:08+0900 - 0.00 B
      neostore.labeltokenstore.db.id: 2015-02-09T02:20:08+0900 - 9.00 B
      neostore.labeltokenstore.db.names: 2015-02-09T02:20:08+0900 - 38.00 B
      neostore.labeltokenstore.db.names.id: 2015-02-09T02:20:08+0900 - 9.00 B
      neostore.nodestore.db: 2015-02-09T02:20:08+0900 - 0.00 B
      neostore.nodestore.db.id: 2015-02-09T02:20:08+0900 - 9.00 B
      neostore.nodestore.db.labels: 2015-02-09T02:20:08+0900 - 68.00 B
      neostore.nodestore.db.labels.id: 2015-02-09T02:20:08+0900 - 9.00 B
      neostore.propertystore.db: 2015-02-09T02:20:08+0900 - 0.00 B
      neostore.propertystore.db.arrays: 2015-02-09T02:20:08+0900 - 128.00 B
      neostore.propertystore.db.arrays.id: 2015-02-09T02:20:08+0900 - 9.00 B
      neostore.propertystore.db.id: 2015-02-09T02:20:08+0900 - 9.00 B
      neostore.propertystore.db.index: 2015-02-09T02:20:08+0900 - 0.00 B
      neostore.propertystore.db.index.id: 2015-02-09T02:20:08+0900 - 9.00 B
      neostore.propertystore.db.index.keys: 2015-02-09T02:20:08+0900 - 38.00 B
      neostore.propertystore.db.index.keys.id: 2015-02-09T02:20:08+0900 - 9.00 B
      neostore.propertystore.db.strings: 2015-02-09T02:20:08+0900 - 128.00 B
      neostore.propertystore.db.strings.id: 2015-02-09T02:20:08+0900 - 9.00 B
      neostore.relationshipgroupstore.db: 2015-02-09T02:20:08+0900 - 25.00 B
      neostore.relationshipgroupstore.db.id: 2015-02-09T02:20:08+0900 - 9.00 B
      neostore.relationshipstore.db: 2015-02-09T02:20:08+0900 - 0.00 B
      neostore.relationshipstore.db.id: 2015-02-09T02:20:08+0900 - 9.00 B
      neostore.relationshiptypestore.db: 2015-02-09T02:20:08+0900 - 0.00 B
      neostore.relationshiptypestore.db.id: 2015-02-09T02:20:08+0900 - 9.00 B
      neostore.relationshiptypestore.db.names: 2015-02-09T02:20:08+0900 - 38.00 B
      neostore.relationshiptypestore.db.names.id: 2015-02-09T02:20:08+0900 - 9.00 B
      neostore.schemastore.db: 2015-02-09T02:20:08+0900 - 64.00 B
      neostore.schemastore.db.id: 2015-02-09T02:20:08+0900 - 9.00 B
      neostore.transaction.db.0: 2015-02-09T02:20:08+0900 - 16.00 B
      schema:
        label:
          lucene:
            write.lock: 2015-02-09T02:20:08+0900 - 0.00 B
          - Total: 2015-02-09T02:20:08+0900 - 0.00 B
        - Total: 2015-02-09T02:20:08+0900 - 0.00 B
      - Total: 2015-02-09T02:20:08+0900 - 0.00 B
      store_lock: 2015-02-09T02:20:07+0900 - 0.00 B
2015-02-08 17:21:37.295+0000 INFO  [org.neo4j]: You are using an unsupported version of the Java runtime. Please use Oracle(R) Java(TM) Runtime Environment 7 or OpenJDK(TM) 7.
2015-02-08 17:21:37.330+0000 INFO  [org.neo4j]: No locking implementation specified, defaulting to 'community'
2015-02-08 17:21:37.373+0000 INFO  [org.neo4j]: --- INITIALIZED diagnostics START ---
2015-02-08 17:21:37.374+0000 INFO  [org.neo4j]: Neo4j Kernel properties:
    store_dir=sssp
    ephemeral=false
2015-02-08 17:21:37.376+0000 INFO  [org.neo4j]: Diagnostics providers:
    org.neo4j.kernel.configuration.Config
    org.neo4j.kernel.info.DiagnosticsManager
    SYSTEM_MEMORY
    JAVA_MEMORY
    OPERATING_SYSTEM
    JAVA_VIRTUAL_MACHINE
    CLASSPATH
    LIBRARY_PATH
    SYSTEM_PROPERTIES
    LINUX_SCHEDULERS
    NETWORK
2015-02-08 17:21:37.376+0000 INFO  [org.neo4j]: System memory information:
    Total Physical memory: 7.68 GB
    Free Physical memory: 1.22 GB
    Committed virtual memory: 4.20 GB
    Total swap space: 7.88 GB
    Free swap space: 7.88 GB
2015-02-08 17:21:37.379+0000 INFO  [org.neo4j]: JVM memory information:
    Free  memory: 93.15 MB
    Total memory: 119.00 MB
    Max   memory: 1.71 GB
    Garbage Collector: PS Scavenge: [PS Eden Space, PS Survivor Space]
    Garbage Collector: PS MarkSweep: [PS Eden Space, PS Survivor Space, PS Old Gen]
    Memory Pool: Code Cache (Non-heap memory): committed=2.63 MB, used=2.60 MB, max=240.00 MB, threshold=0.00 B
    Memory Pool: Metaspace (Non-heap memory): committed=7.25 MB, used=6.84 MB, max=-1.00 B, threshold=0.00 B
    Memory Pool: Compressed Class Space (Non-heap memory): committed=1.00 MB, used=908.20 kB, max=1.00 GB, threshold=0.00 B
    Memory Pool: PS Eden Space (Heap memory): committed=31.00 MB, used=25.85 MB, max=646.00 MB, threshold=?
    Memory Pool: PS Survivor Space (Heap memory): committed=5.00 MB, used=0.00 B, max=5.00 MB, threshold=?
    Memory Pool: PS Old Gen (Heap memory): committed=83.00 MB, used=0.00 B, max=1.28 GB, threshold=0.00 B
2015-02-08 17:21:37.382+0000 INFO  [org.neo4j]: Operating system information:
    Operating System: Linux; version: 3.13.0-43-generic; arch: amd64; cpus: 4
    Max number of file descriptors: 4096
    Number of open file descriptors: 32
    Process id: 5841@dk-ASUS-H97M-E
    Byte order: LITTLE_ENDIAN
    Local timezone: Asia/Tokyo
2015-02-08 17:21:37.386+0000 INFO  [org.neo4j]: JVM information:
    VM Name: Java HotSpot(TM) 64-Bit Server VM
    VM Vendor: Oracle Corporation
    VM Version: 25.20-b23
    JIT compiler: HotSpot 64-Bit Tiered Compilers
    VM Arguments: [-Dfile.encoding=UTF-8]
2015-02-08 17:21:37.387+0000 INFO  [org.neo4j]: Java classpath:
     [classpath + loader.0] file:/home/dk/github_workspace/Neo4jSample/lib/neo4j-csv-2.2.0-M03.jar
     [classpath + loader.0] file:/home/dk/github_workspace/Neo4jSample/lib/neo4j-io-2.2.0-M03.jar
     [bootstrap] /opt/java/jdk1.8.0_20/jre/lib/resources.jar
     [bootstrap] /opt/java/jdk1.8.0_20/jre/lib/jce.jar
     [classpath + loader.0] file:/home/dk/github_workspace/Neo4jSample/lib/neo4j-cypher-compiler-1.9-2.0.4.jar
     [classpath + loader.0] file:/home/dk/github_workspace/Neo4jSample/lib/neo4j-cypher-compiler-2.0-2.0.4.jar
     [classpath + loader.0] file:/home/dk/github_workspace/Neo4jSample/lib/neo4j-primitive-collections-2.2.0-M03.jar
     [loader.1] file:/opt/java/jdk1.8.0_20/jre/lib/ext/jfxrt.jar
     [loader.1] file:/opt/java/jdk1.8.0_20/jre/lib/ext/zipfs.jar
     [classpath + loader.0] file:/home/dk/github_workspace/Neo4jSample/lib/opencsv-2.3.jar
     [bootstrap] /opt/java/jdk1.8.0_20/jre/lib/jsse.jar
     [classpath + loader.0] file:/home/dk/github_workspace/Neo4jSample/lib/neo4j-cypher-2.2.0-M03.jar
     [classpath + loader.0] file:/home/dk/github_workspace/Neo4jSample/lib/neo4j-graph-algo-2.2.0-M03.jar
     [loader.1] file:/opt/java/jdk1.8.0_20/jre/lib/ext/sunjce_provider.jar
     [classpath + loader.0] file:/home/dk/github_workspace/Neo4jSample/lib/neo4j-cypher-compiler-2.2-2.2.0-M03.jar
     [classpath + loader.0] file:/home/dk/github_workspace/Neo4jSample/lib/neo4j-shell-2.2.0-M03.jar
     [loader.1] file:/opt/java/jdk1.8.0_20/jre/lib/ext/cldrdata.jar
     [bootstrap] /opt/java/jdk1.8.0_20/jre/classes
     [bootstrap] /opt/java/jdk1.8.0_20/jre/lib/charsets.jar
     [classpath + loader.0] file:/home/dk/github_workspace/Neo4jSample/lib/neo4j-cypher-compiler-2.1-2.1.6.jar
     [classpath + loader.0] file:/home/dk/github_workspace/Neo4jSample/lib/neo4j-kernel-2.2.0-M03.jar
     [loader.1] file:/opt/java/jdk1.8.0_20/jre/lib/ext/dnsns.jar
     [classpath + loader.0] file:/home/dk/github_workspace/Neo4jSample/lib/parboiled-core-1.1.6.jar
     [classpath + loader.0] file:/home/dk/github_workspace/Neo4jSample/lib/neo4j-jmx-2.2.0-M03.jar
     [loader.1] file:/opt/java/jdk1.8.0_20/jre/lib/ext/sunec.jar
     [classpath + loader.0] file:/home/dk/github_workspace/Neo4jSample/lib/server-api-2.2.0-M03.jar
     [classpath + loader.0] file:/home/dk/github_workspace/Neo4jSample/lib/neo4j-lucene-index-2.2.0-M03.jar
     [loader.1] file:/opt/java/jdk1.8.0_20/jre/lib/ext/sunpkcs11.jar
     [classpath + loader.0] file:/home/dk/github_workspace/Neo4jSample/lib/lucene-core-3.6.2.jar
     [classpath + loader.0] file:/home/dk/github_workspace/Neo4jSample/lib/parboiled-scala_2.10-1.1.6.jar
     [classpath + loader.0] file:/home/dk/github_workspace/Neo4jSample/lib/scala-library-2.10.4.jar
     [bootstrap] /opt/java/jdk1.8.0_20/jre/lib/jfr.jar
     [classpath + loader.0] file:/home/dk/github_workspace/Neo4jSample/lib/neo4j-import-tool-2.2.0-M03.jar
     [classpath + loader.0] file:/home/dk/github_workspace/Neo4jSample/lib/neo4j-udc-2.2.0-M03.jar
     [classpath + loader.0] file:/home/dk/github_workspace/Neo4jSample/lib/neo4j-graph-matching-2.2.0-M03.jar
     [classpath + loader.0] file:/home/dk/github_workspace/Neo4jSample/lib/concurrentlinkedhashmap-lru-1.4.jar
     [classpath + loader.0] file:/home/dk/github_workspace/Neo4jSample/lib/org.apache.servicemix.bundles.jline-0.9.94_1.jar
     [loader.1] file:/opt/java/jdk1.8.0_20/jre/lib/ext/localedata.jar
     [bootstrap] /opt/java/jdk1.8.0_20/jre/lib/rt.jar
     [bootstrap] /opt/java/jdk1.8.0_20/jre/lib/sunrsasign.jar
     [classpath + loader.0] file:/home/dk/github_workspace/Neo4jSample/lib/neo4j-consistency-check-2.2.0-M03.jar
     [loader.1] file:/opt/java/jdk1.8.0_20/jre/lib/ext/nashorn.jar
     [classpath + loader.0] file:/home/dk/github_workspace/Neo4jSample/bin/
2015-02-08 17:21:37.388+0000 INFO  [org.neo4j]: Library path:
    /usr/java/packages/lib/amd64
    /usr/lib64
    /lib64
    /lib
    /usr/lib
2015-02-08 17:21:37.388+0000 INFO  [org.neo4j]: System.properties:
    sun.boot.library.path = /opt/java/jdk1.8.0_20/jre/lib/amd64
    path.separator = :
    file.encoding.pkg = sun.io
    user.country = JP
    sun.java.launcher = SUN_STANDARD
    sun.os.patch.level = unknown
    user.dir = /home/dk/github_workspace/Neo4jSample
    sun.jnu.encoding = UTF-8
    sun.management.compiler = HotSpot 64-Bit Tiered Compilers
    user.home = /home/dk
    user.timezone = Asia/Tokyo
    file.encoding = UTF-8
    user.name = dk
    sun.java.command = jp.co.dk.neo4jsample.Neo4jSample
    sun.arch.data.model = 64
    user.language = ja
    awt.toolkit = sun.awt.X11.XToolkit
    file.separator = /
    sun.io.unicode.encoding = UnicodeLittle
    sun.cpu.endian = little
    sun.desktop = gnome
    sun.cpu.isalist = 
2015-02-08 17:21:37.388+0000 INFO  [org.neo4j]: Linux scheduler information:
    noop [deadline] cfq 
    noop [deadline] cfq 
    noop [deadline] cfq 
    noop [deadline] cfq 
    noop [deadline] cfq 
    noop [deadline] cfq 
    none
    none
    none
    none
    none
    none
    none
    none
    none
    none
    none
    none
    none
    none
    none
    none
    none
    none
    none
    none
    none
    none
    none
    none
2015-02-08 17:21:37.391+0000 INFO  [org.neo4j]: Network information:
    Interface eth0:
        address: fe80:0:0:0:12c3:7bff:fe4c:a4ef%eth0
        address: 2408:211:2:1300:c0bf:9aff:b003:1bad%eth0
        address: 2408:211:2:1300:12c3:7bff:fe4c:a4ef%eth0
        address: 192.168.11.6
    Interface lo:
        address: 0:0:0:0:0:0:0:1%lo
        address: 127.0.0.1
2015-02-08 17:21:37.392+0000 INFO  [org.neo4j]: --- INITIALIZED diagnostics END ---
2015-02-08 17:21:37.518+0000 INFO  [org.neo4j]: sssp/neostore.relationshiptypestore.db.names non clean shutdown detected
2015-02-08 17:21:37.519+0000 INFO  [org.neo4j]: sssp/neostore.relationshiptypestore.db non clean shutdown detected
2015-02-08 17:21:37.520+0000 INFO  [org.neo4j]: sssp/neostore.labeltokenstore.db.names non clean shutdown detected
2015-02-08 17:21:37.520+0000 INFO  [org.neo4j]: sssp/neostore.labeltokenstore.db non clean shutdown detected
2015-02-08 17:21:37.520+0000 INFO  [org.neo4j]: sssp/neostore.propertystore.db.index.keys non clean shutdown detected
2015-02-08 17:21:37.521+0000 INFO  [org.neo4j]: sssp/neostore.propertystore.db.index non clean shutdown detected
2015-02-08 17:21:37.521+0000 INFO  [org.neo4j]: sssp/neostore.propertystore.db.strings non clean shutdown detected
2015-02-08 17:21:37.522+0000 INFO  [org.neo4j]: sssp/neostore.propertystore.db.arrays non clean shutdown detected
2015-02-08 17:21:37.526+0000 INFO  [org.neo4j]: sssp/neostore.propertystore.db non clean shutdown detected
2015-02-08 17:21:37.527+0000 INFO  [org.neo4j]: sssp/neostore.relationshipstore.db non clean shutdown detected
2015-02-08 17:21:37.528+0000 INFO  [org.neo4j]: sssp/neostore.nodestore.db.labels non clean shutdown detected
2015-02-08 17:21:37.529+0000 INFO  [org.neo4j]: sssp/neostore.nodestore.db non clean shutdown detected
2015-02-08 17:21:37.530+0000 INFO  [org.neo4j]: sssp/neostore.schemastore.db non clean shutdown detected
2015-02-08 17:21:37.530+0000 INFO  [org.neo4j]: sssp/neostore.relationshipgroupstore.db non clean shutdown detected
2015-02-08 17:21:37.531+0000 INFO  [org.neo4j]: sssp/neostore non clean shutdown detected
2015-02-08 17:21:37.584+0000 INFO  [org.neo4j]: No lucene scan store index found, this might just be first use. Preparing to rebuild.
2015-02-08 17:21:37.628+0000 INFO  [org.neo4j]: sssp/neostore.relationshiptypestore.db.names rebuild id generator, highId=1 defragged count=0
2015-02-08 17:21:37.629+0000 INFO  [org.neo4j]: sssp/neostore.relationshiptypestore.db rebuild id generator, highId=0 defragged count=0
2015-02-08 17:21:37.631+0000 INFO  [org.neo4j]: sssp/neostore.labeltokenstore.db.names rebuild id generator, highId=1 defragged count=0
2015-02-08 17:21:37.632+0000 INFO  [org.neo4j]: sssp/neostore.labeltokenstore.db rebuild id generator, highId=0 defragged count=0
2015-02-08 17:21:37.635+0000 INFO  [org.neo4j]: sssp/neostore.propertystore.db.index.keys rebuild id generator, highId=1 defragged count=0
2015-02-08 17:21:37.635+0000 INFO  [org.neo4j]: sssp/neostore.propertystore.db.index rebuild id generator, highId=0 defragged count=0
2015-02-08 17:21:37.638+0000 INFO  [org.neo4j]: sssp/neostore.propertystore.db.strings rebuild id generator, highId=1 defragged count=0
2015-02-08 17:21:37.639+0000 INFO  [org.neo4j]: sssp/neostore.propertystore.db.arrays rebuild id generator, highId=1 defragged count=0
2015-02-08 17:21:37.640+0000 INFO  [org.neo4j]: sssp/neostore.propertystore.db rebuild id generator, highId=0 defragged count=0
2015-02-08 17:21:37.641+0000 INFO  [org.neo4j]: sssp/neostore.relationshipstore.db rebuild id generator, highId=0 defragged count=0
2015-02-08 17:21:37.644+0000 INFO  [org.neo4j]: sssp/neostore.nodestore.db.labels rebuild id generator, highId=1 defragged count=0
2015-02-08 17:21:37.645+0000 INFO  [org.neo4j]: sssp/neostore.nodestore.db rebuild id generator, highId=0 defragged count=0
2015-02-08 17:21:37.646+0000 INFO  [org.neo4j]: sssp/neostore.schemastore.db rebuild id generator, highId=1 defragged count=0
2015-02-08 17:21:37.647+0000 INFO  [org.neo4j]: sssp/neostore.relationshipgroupstore.db rebuild id generator, highId=1 defragged count=0
2015-02-08 17:21:37.649+0000 INFO  [org.neo4j]: sssp/neostore rebuild id generator, highId=11 defragged count=0
2015-02-08 17:21:37.650+0000 INFO  [org.neo4j]: Rebuilding lucene scan store, this may take a while
2015-02-08 17:21:37.652+0000 INFO  [org.neo4j]: Lucene scan store rebuilt (roughly -1 nodes)
2015-02-08 17:21:37.896+0000 INFO  [org.neo4j]: --- STARTED diagnostics for KernelDiagnostics:Versions START ---
2015-02-08 17:21:37.896+0000 INFO  [org.neo4j]: Graph Database: org.neo4j.kernel.EmbeddedGraphDatabase StoreId{creationTime=1423416007901, randomId=-5770858006635120250, storeVersion=14687556271633926, upgradeTime=1423416007901, upgradeId=1}
2015-02-08 17:21:37.896+0000 INFO  [org.neo4j]: Kernel version: Neo4j - Graph Database Kernel (neo4j-kernel), version: 2.2.0-M03
2015-02-08 17:21:37.896+0000 INFO  [org.neo4j]: Neo4j component versions:
2015-02-08 17:21:37.900+0000 INFO  [org.neo4j]:   Neo4j - Cypher Compiler 1.9 (neo4j-cypher-compiler-1.9), version: 2.0.4; revision: 2.0.4:2.0-maint:130/4a7d10bc274a5d26a180bbe9df25100e8a694748
2015-02-08 17:21:37.900+0000 INFO  [org.neo4j]:   Neo4j - Consistency Checker (neo4j-consistency-check), version: 2.2.0-M03; revision: 2.2.0-M03:master:640/b2cf43d03d3c600e127aa1d514923d5a7b912ef9
2015-02-08 17:21:37.900+0000 INFO  [org.neo4j]:   Neo4j - Cypher Compiler 2.2 (neo4j-cypher-compiler-2.2), version: 2.2.0-M03; revision: 2.2.0-M03:master:640/b2cf43d03d3c600e127aa1d514923d5a7b912ef9
2015-02-08 17:21:37.900+0000 INFO  [org.neo4j]:   Neo4j - Import Command Line Tool (neo4j-import-tool), version: 2.2.0-M03; revision: 2.2.0-M03:master:640/b2cf43d03d3c600e127aa1d514923d5a7b912ef9
2015-02-08 17:21:37.900+0000 INFO  [org.neo4j]:   Neo4j - Server API (server-api), version: 2.2.0-M03; revision: 2.2.0-M03:master:640/b2cf43d03d3c600e127aa1d514923d5a7b912ef9
2015-02-08 17:21:37.900+0000 INFO  [org.neo4j]:   Neo4j - Graph Database Kernel (neo4j-kernel), version: 2.2.0-M03; revision: 2.2.0-M03:master:640/b2cf43d03d3c600e127aa1d514923d5a7b912ef9
2015-02-08 17:21:37.900+0000 INFO  [org.neo4j]:   Neo4j - Cypher Compiler 2.1 (neo4j-cypher-compiler-2.1), version: 2.1.6; revision: 2.1.6:2.1-maint:605/0d7f25fc608f15c54ec1a01f4ba4564ebfb1071a
2015-02-08 17:21:37.900+0000 INFO  [org.neo4j]:   Neo4j - Generic shell (neo4j-shell), version: 2.2.0-M03; revision: 2.2.0-M03:master:640/b2cf43d03d3c600e127aa1d514923d5a7b912ef9
2015-02-08 17:21:37.900+0000 INFO  [org.neo4j]:   neo4j-udc, version: 2.2.0-M03; revision: 2.2.0-M03:master:640/b2cf43d03d3c600e127aa1d514923d5a7b912ef9
2015-02-08 17:21:37.900+0000 INFO  [org.neo4j]:   Neo4j - Lucene Index (neo4j-lucene-index), version: 2.2.0-M03; revision: 2.2.0-M03:master:640/b2cf43d03d3c600e127aa1d514923d5a7b912ef9
2015-02-08 17:21:37.900+0000 INFO  [org.neo4j]:   Neo4j - Cypher Compiler 2.0 (neo4j-cypher-compiler-2.0), version: 2.0.4; revision: 2.0.4:2.0-maint:130/4a7d10bc274a5d26a180bbe9df25100e8a694748
2015-02-08 17:21:37.900+0000 INFO  [org.neo4j]:   Neo4j - Graph Matching (neo4j-graph-matching), version: 2.2.0-M03; revision: 2.2.0-M03:master:640/b2cf43d03d3c600e127aa1d514923d5a7b912ef9
2015-02-08 17:21:37.900+0000 INFO  [org.neo4j]:   Neo4j - JMX support (neo4j-jmx), version: 2.2.0-M03; revision: 2.2.0-M03:master:640/b2cf43d03d3c600e127aa1d514923d5a7b912ef9
2015-02-08 17:21:37.900+0000 INFO  [org.neo4j]:   Neo4j - Cypher (neo4j-cypher), version: 2.2.0-M03; revision: 2.2.0-M03:master:640/b2cf43d03d3c600e127aa1d514923d5a7b912ef9
2015-02-08 17:21:37.900+0000 INFO  [org.neo4j]:   Neo4j - Graph Algorithms (neo4j-graph-algo), version: 2.2.0-M03; revision: 2.2.0-M03:master:640/b2cf43d03d3c600e127aa1d514923d5a7b912ef9
2015-02-08 17:21:37.900+0000 INFO  [org.neo4j]: --- STARTED diagnostics for KernelDiagnostics:Versions END ---
2015-02-08 17:21:37.901+0000 INFO  [org.neo4j]: --- STARTED diagnostics for NEO_STORE_VERSIONS START ---
2015-02-08 17:21:37.901+0000 INFO  [org.neo4j]: Store versions:
    Store versions:
      NeoStore v0.A.4
      SchemaStore v0.A.4
      NodeStore v0.A.4
      RelationshipStore v0.A.4
      RelationshipTypeStore v0.A.4
      LabelTokenStore v0.A.4
      PropertyStore v0.A.4
      PropertyIndexStore v0.A.4
      StringPropertyStore v0.A.4
      ArrayPropertyStore v0.A.4
      RelationshipGroupStore v0.A.4
2015-02-08 17:21:37.902+0000 INFO  [org.neo4j]: --- STARTED diagnostics for NEO_STORE_VERSIONS END ---
2015-02-08 17:21:37.902+0000 INFO  [org.neo4j]: --- STARTED diagnostics for NEO_STORE_ID_USAGE START ---
2015-02-08 17:21:37.902+0000 INFO  [org.neo4j]: Id usage:
    Id usage:
      SchemaStore: used=1 high=0
      NodeStore: used=0 high=-1
      RelationshipStore: used=0 high=-1
      RelationshipTypeStore: used=0 high=-1
      LabelTokenStore: used=0 high=-1
      PropertyStore: used=0 high=-1
      PropertyIndexStore: used=0 high=-1
      StringPropertyStore: used=1 high=0
      ArrayPropertyStore: used=1 high=0
      RelationshipGroupStore: used=1 high=0
2015-02-08 17:21:37.902+0000 INFO  [org.neo4j]: --- STARTED diagnostics for NEO_STORE_ID_USAGE END ---
2015-02-08 17:21:37.902+0000 INFO  [org.neo4j]: --- STARTED diagnostics for KernelDiagnostics:StoreFiles START ---
2015-02-08 17:21:37.903+0000 INFO  [org.neo4j]: Disk space on partition (Total / Free / Free %): 109683179520 / 50038124544 / 45
Storage files: (filename : modification date - size)
      index:
      - Total: 2015-02-09T02:20:07+0900 - 0.00 B
      lock: 2015-02-09T02:20:08+0900 - 0.00 B
      messages.log: 2015-02-09T02:21:37+0900 - 32.98 kB
      neostore: 2015-02-09T02:20:08+0900 - 99.00 B
      neostore.counts.db.a: 2015-02-09T02:20:07+0900 - 8.00 kB
      neostore.counts.db.b: 2015-02-09T02:20:07+0900 - 8.00 kB
      neostore.id: 2015-02-09T02:21:37+0900 - 9.00 B
      neostore.labeltokenstore.db: 2015-02-09T02:20:08+0900 - 0.00 B
      neostore.labeltokenstore.db.id: 2015-02-09T02:21:37+0900 - 9.00 B
      neostore.labeltokenstore.db.names: 2015-02-09T02:20:08+0900 - 38.00 B
      neostore.labeltokenstore.db.names.id: 2015-02-09T02:21:37+0900 - 9.00 B
      neostore.nodestore.db: 2015-02-09T02:20:08+0900 - 0.00 B
      neostore.nodestore.db.id: 2015-02-09T02:21:37+0900 - 9.00 B
      neostore.nodestore.db.labels: 2015-02-09T02:20:08+0900 - 68.00 B
      neostore.nodestore.db.labels.id: 2015-02-09T02:21:37+0900 - 9.00 B
      neostore.propertystore.db: 2015-02-09T02:20:08+0900 - 0.00 B
      neostore.propertystore.db.arrays: 2015-02-09T02:20:08+0900 - 128.00 B
      neostore.propertystore.db.arrays.id: 2015-02-09T02:21:37+0900 - 9.00 B
      neostore.propertystore.db.id: 2015-02-09T02:21:37+0900 - 9.00 B
      neostore.propertystore.db.index: 2015-02-09T02:20:08+0900 - 0.00 B
      neostore.propertystore.db.index.id: 2015-02-09T02:21:37+0900 - 9.00 B
      neostore.propertystore.db.index.keys: 2015-02-09T02:20:08+0900 - 38.00 B
      neostore.propertystore.db.index.keys.id: 2015-02-09T02:21:37+0900 - 9.00 B
      neostore.propertystore.db.strings: 2015-02-09T02:20:08+0900 - 128.00 B
      neostore.propertystore.db.strings.id: 2015-02-09T02:21:37+0900 - 9.00 B
      neostore.relationshipgroupstore.db: 2015-02-09T02:20:08+0900 - 25.00 B
      neostore.relationshipgroupstore.db.id: 2015-02-09T02:21:37+0900 - 9.00 B
      neostore.relationshipstore.db: 2015-02-09T02:20:08+0900 - 0.00 B
      neostore.relationshipstore.db.id: 2015-02-09T02:21:37+0900 - 9.00 B
      neostore.relationshiptypestore.db: 2015-02-09T02:20:08+0900 - 0.00 B
      neostore.relationshiptypestore.db.id: 2015-02-09T02:21:37+0900 - 9.00 B
      neostore.relationshiptypestore.db.names: 2015-02-09T02:20:08+0900 - 38.00 B
      neostore.relationshiptypestore.db.names.id: 2015-02-09T02:21:37+0900 - 9.00 B
      neostore.schemastore.db: 2015-02-09T02:20:08+0900 - 64.00 B
      neostore.schemastore.db.id: 2015-02-09T02:21:37+0900 - 9.00 B
      neostore.transaction.db.0: 2015-02-09T02:20:08+0900 - 16.00 B
      schema:
        label:
          lucene:
            write.lock: 2015-02-09T02:21:37+0900 - 0.00 B
          - Total: 2015-02-09T02:21:37+0900 - 0.00 B
        - Total: 2015-02-09T02:21:37+0900 - 0.00 B
      - Total: 2015-02-09T02:20:08+0900 - 0.00 B
      store_lock: 2015-02-09T02:20:07+0900 - 0.00 B
2015-02-08 17:23:09.444+0000 INFO  [org.neo4j]: You are using an unsupported version of the Java runtime. Please use Oracle(R) Java(TM) Runtime Environment 7 or OpenJDK(TM) 7.
2015-02-08 17:23:09.485+0000 INFO  [org.neo4j]: No locking implementation specified, defaulting to 'community'
2015-02-08 17:23:09.533+0000 INFO  [org.neo4j]: --- INITIALIZED diagnostics START ---
2015-02-08 17:23:09.534+0000 INFO  [org.neo4j]: Neo4j Kernel properties:
    store_dir=sssp
    ephemeral=false
2015-02-08 17:23:09.537+0000 INFO  [org.neo4j]: Diagnostics providers:
    org.neo4j.kernel.configuration.Config
    org.neo4j.kernel.info.DiagnosticsManager
    SYSTEM_MEMORY
    JAVA_MEMORY
    OPERATING_SYSTEM
    JAVA_VIRTUAL_MACHINE
    CLASSPATH
    LIBRARY_PATH
    SYSTEM_PROPERTIES
    LINUX_SCHEDULERS
    NETWORK
2015-02-08 17:23:09.537+0000 INFO  [org.neo4j]: System memory information:
    Total Physical memory: 7.68 GB
    Free Physical memory: 1.15 GB
    Committed virtual memory: 4.20 GB
    Total swap space: 7.88 GB
    Free swap space: 7.88 GB
2015-02-08 17:23:09.540+0000 INFO  [org.neo4j]: JVM memory information:
    Free  memory: 93.78 MB
    Total memory: 119.00 MB
    Max   memory: 1.71 GB
    Garbage Collector: PS Scavenge: [PS Eden Space, PS Survivor Space]
    Garbage Collector: PS MarkSweep: [PS Eden Space, PS Survivor Space, PS Old Gen]
    Memory Pool: Code Cache (Non-heap memory): committed=2.44 MB, used=2.40 MB, max=240.00 MB, threshold=0.00 B
    Memory Pool: Metaspace (Non-heap memory): committed=7.25 MB, used=6.81 MB, max=-1.00 B, threshold=0.00 B
    Memory Pool: Compressed Class Space (Non-heap memory): committed=1.00 MB, used=908.20 kB, max=1.00 GB, threshold=0.00 B
    Memory Pool: PS Eden Space (Heap memory): committed=31.00 MB, used=25.22 MB, max=646.00 MB, threshold=?
    Memory Pool: PS Survivor Space (Heap memory): committed=5.00 MB, used=0.00 B, max=5.00 MB, threshold=?
    Memory Pool: PS Old Gen (Heap memory): committed=83.00 MB, used=0.00 B, max=1.28 GB, threshold=0.00 B
2015-02-08 17:23:09.544+0000 INFO  [org.neo4j]: Operating system information:
    Operating System: Linux; version: 3.13.0-43-generic; arch: amd64; cpus: 4
    Max number of file descriptors: 4096
    Number of open file descriptors: 32
    Process id: 5934@dk-ASUS-H97M-E
    Byte order: LITTLE_ENDIAN
    Local timezone: Asia/Tokyo
2015-02-08 17:23:09.548+0000 INFO  [org.neo4j]: JVM information:
    VM Name: Java HotSpot(TM) 64-Bit Server VM
    VM Vendor: Oracle Corporation
    VM Version: 25.20-b23
    JIT compiler: HotSpot 64-Bit Tiered Compilers
    VM Arguments: [-Dfile.encoding=UTF-8]
2015-02-08 17:23:09.548+0000 INFO  [org.neo4j]: Java classpath:
     [classpath + loader.0] file:/home/dk/github_workspace/Neo4jSample/lib/neo4j-csv-2.2.0-M03.jar
     [classpath + loader.0] file:/home/dk/github_workspace/Neo4jSample/lib/neo4j-io-2.2.0-M03.jar
     [bootstrap] /opt/java/jdk1.8.0_20/jre/lib/resources.jar
     [bootstrap] /opt/java/jdk1.8.0_20/jre/lib/jce.jar
     [classpath + loader.0] file:/home/dk/github_workspace/Neo4jSample/lib/neo4j-cypher-compiler-1.9-2.0.4.jar
     [classpath + loader.0] file:/home/dk/github_workspace/Neo4jSample/lib/neo4j-cypher-compiler-2.0-2.0.4.jar
     [classpath + loader.0] file:/home/dk/github_workspace/Neo4jSample/lib/neo4j-primitive-collections-2.2.0-M03.jar
     [loader.1] file:/opt/java/jdk1.8.0_20/jre/lib/ext/jfxrt.jar
     [loader.1] file:/opt/java/jdk1.8.0_20/jre/lib/ext/zipfs.jar
     [classpath + loader.0] file:/home/dk/github_workspace/Neo4jSample/lib/opencsv-2.3.jar
     [bootstrap] /opt/java/jdk1.8.0_20/jre/lib/jsse.jar
     [classpath + loader.0] file:/home/dk/github_workspace/Neo4jSample/lib/neo4j-cypher-2.2.0-M03.jar
     [classpath + loader.0] file:/home/dk/github_workspace/Neo4jSample/lib/neo4j-graph-algo-2.2.0-M03.jar
     [loader.1] file:/opt/java/jdk1.8.0_20/jre/lib/ext/sunjce_provider.jar
     [classpath + loader.0] file:/home/dk/github_workspace/Neo4jSample/lib/neo4j-cypher-compiler-2.2-2.2.0-M03.jar
     [classpath + loader.0] file:/home/dk/github_workspace/Neo4jSample/lib/neo4j-shell-2.2.0-M03.jar
     [loader.1] file:/opt/java/jdk1.8.0_20/jre/lib/ext/cldrdata.jar
     [bootstrap] /opt/java/jdk1.8.0_20/jre/classes
     [bootstrap] /opt/java/jdk1.8.0_20/jre/lib/charsets.jar
     [classpath + loader.0] file:/home/dk/github_workspace/Neo4jSample/lib/neo4j-cypher-compiler-2.1-2.1.6.jar
     [classpath + loader.0] file:/home/dk/github_workspace/Neo4jSample/lib/neo4j-kernel-2.2.0-M03.jar
     [loader.1] file:/opt/java/jdk1.8.0_20/jre/lib/ext/dnsns.jar
     [classpath + loader.0] file:/home/dk/github_workspace/Neo4jSample/lib/parboiled-core-1.1.6.jar
     [classpath + loader.0] file:/home/dk/github_workspace/Neo4jSample/lib/neo4j-jmx-2.2.0-M03.jar
     [loader.1] file:/opt/java/jdk1.8.0_20/jre/lib/ext/sunec.jar
     [classpath + loader.0] file:/home/dk/github_workspace/Neo4jSample/lib/server-api-2.2.0-M03.jar
     [classpath + loader.0] file:/home/dk/github_workspace/Neo4jSample/lib/neo4j-lucene-index-2.2.0-M03.jar
     [loader.1] file:/opt/java/jdk1.8.0_20/jre/lib/ext/sunpkcs11.jar
     [classpath + loader.0] file:/home/dk/github_workspace/Neo4jSample/lib/lucene-core-3.6.2.jar
     [classpath + loader.0] file:/home/dk/github_workspace/Neo4jSample/lib/parboiled-scala_2.10-1.1.6.jar
     [classpath + loader.0] file:/home/dk/github_workspace/Neo4jSample/lib/scala-library-2.10.4.jar
     [bootstrap] /opt/java/jdk1.8.0_20/jre/lib/jfr.jar
     [classpath + loader.0] file:/home/dk/github_workspace/Neo4jSample/lib/neo4j-import-tool-2.2.0-M03.jar
     [classpath + loader.0] file:/home/dk/github_workspace/Neo4jSample/lib/neo4j-udc-2.2.0-M03.jar
     [classpath + loader.0] file:/home/dk/github_workspace/Neo4jSample/lib/neo4j-graph-matching-2.2.0-M03.jar
     [classpath + loader.0] file:/home/dk/github_workspace/Neo4jSample/lib/concurrentlinkedhashmap-lru-1.4.jar
     [classpath + loader.0] file:/home/dk/github_workspace/Neo4jSample/lib/org.apache.servicemix.bundles.jline-0.9.94_1.jar
     [loader.1] file:/opt/java/jdk1.8.0_20/jre/lib/ext/localedata.jar
     [bootstrap] /opt/java/jdk1.8.0_20/jre/lib/rt.jar
     [bootstrap] /opt/java/jdk1.8.0_20/jre/lib/sunrsasign.jar
     [classpath + loader.0] file:/home/dk/github_workspace/Neo4jSample/lib/neo4j-consistency-check-2.2.0-M03.jar
     [loader.1] file:/opt/java/jdk1.8.0_20/jre/lib/ext/nashorn.jar
     [classpath + loader.0] file:/home/dk/github_workspace/Neo4jSample/bin/
2015-02-08 17:23:09.549+0000 INFO  [org.neo4j]: Library path:
    /usr/java/packages/lib/amd64
    /usr/lib64
    /lib64
    /lib
    /usr/lib
2015-02-08 17:23:09.550+0000 INFO  [org.neo4j]: System.properties:
    sun.boot.library.path = /opt/java/jdk1.8.0_20/jre/lib/amd64
    path.separator = :
    file.encoding.pkg = sun.io
    user.country = JP
    sun.java.launcher = SUN_STANDARD
    sun.os.patch.level = unknown
    user.dir = /home/dk/github_workspace/Neo4jSample
    sun.jnu.encoding = UTF-8
    sun.management.compiler = HotSpot 64-Bit Tiered Compilers
    user.home = /home/dk
    user.timezone = Asia/Tokyo
    file.encoding = UTF-8
    user.name = dk
    sun.java.command = jp.co.dk.neo4jsample.Neo4jSample
    sun.arch.data.model = 64
    user.language = ja
    awt.toolkit = sun.awt.X11.XToolkit
    file.separator = /
    sun.io.unicode.encoding = UnicodeLittle
    sun.cpu.endian = little
    sun.desktop = gnome
    sun.cpu.isalist = 
2015-02-08 17:23:09.550+0000 INFO  [org.neo4j]: Linux scheduler information:
    noop [deadline] cfq 
    noop [deadline] cfq 
    noop [deadline] cfq 
    noop [deadline] cfq 
    noop [deadline] cfq 
    noop [deadline] cfq 
    none
    none
    none
    none
    none
    none
    none
    none
    none
    none
    none
    none
    none
    none
    none
    none
    none
    none
    none
    none
    none
    none
    none
    none
2015-02-08 17:23:09.552+0000 INFO  [org.neo4j]: Network information:
    Interface eth0:
        address: fe80:0:0:0:12c3:7bff:fe4c:a4ef%eth0
        address: 2408:211:2:1300:c0bf:9aff:b003:1bad%eth0
        address: 2408:211:2:1300:12c3:7bff:fe4c:a4ef%eth0
        address: 192.168.11.6
    Interface lo:
        address: 0:0:0:0:0:0:0:1%lo
        address: 127.0.0.1
2015-02-08 17:23:09.554+0000 INFO  [org.neo4j]: --- INITIALIZED diagnostics END ---
2015-02-08 17:23:09.699+0000 INFO  [org.neo4j]: sssp/neostore.relationshiptypestore.db.names non clean shutdown detected
2015-02-08 17:23:09.700+0000 INFO  [org.neo4j]: sssp/neostore.relationshiptypestore.db non clean shutdown detected
2015-02-08 17:23:09.701+0000 INFO  [org.neo4j]: sssp/neostore.labeltokenstore.db.names non clean shutdown detected
2015-02-08 17:23:09.701+0000 INFO  [org.neo4j]: sssp/neostore.labeltokenstore.db non clean shutdown detected
2015-02-08 17:23:09.702+0000 INFO  [org.neo4j]: sssp/neostore.propertystore.db.index.keys non clean shutdown detected
2015-02-08 17:23:09.702+0000 INFO  [org.neo4j]: sssp/neostore.propertystore.db.index non clean shutdown detected
2015-02-08 17:23:09.703+0000 INFO  [org.neo4j]: sssp/neostore.propertystore.db.strings non clean shutdown detected
2015-02-08 17:23:09.704+0000 INFO  [org.neo4j]: sssp/neostore.propertystore.db.arrays non clean shutdown detected
2015-02-08 17:23:09.707+0000 INFO  [org.neo4j]: sssp/neostore.propertystore.db non clean shutdown detected
2015-02-08 17:23:09.709+0000 INFO  [org.neo4j]: sssp/neostore.relationshipstore.db non clean shutdown detected
2015-02-08 17:23:09.709+0000 INFO  [org.neo4j]: sssp/neostore.nodestore.db.labels non clean shutdown detected
2015-02-08 17:23:09.711+0000 INFO  [org.neo4j]: sssp/neostore.nodestore.db non clean shutdown detected
2015-02-08 17:23:09.711+0000 INFO  [org.neo4j]: sssp/neostore.schemastore.db non clean shutdown detected
2015-02-08 17:23:09.712+0000 INFO  [org.neo4j]: sssp/neostore.relationshipgroupstore.db non clean shutdown detected
2015-02-08 17:23:09.713+0000 INFO  [org.neo4j]: sssp/neostore non clean shutdown detected
2015-02-08 17:23:09.770+0000 INFO  [org.neo4j]: No lucene scan store index found, this might just be first use. Preparing to rebuild.
2015-02-08 17:23:09.817+0000 INFO  [org.neo4j]: sssp/neostore.relationshiptypestore.db.names rebuild id generator, highId=1 defragged count=0
2015-02-08 17:23:09.818+0000 INFO  [org.neo4j]: sssp/neostore.relationshiptypestore.db rebuild id generator, highId=0 defragged count=0
2015-02-08 17:23:09.820+0000 INFO  [org.neo4j]: sssp/neostore.labeltokenstore.db.names rebuild id generator, highId=1 defragged count=0
2015-02-08 17:23:09.821+0000 INFO  [org.neo4j]: sssp/neostore.labeltokenstore.db rebuild id generator, highId=0 defragged count=0
2015-02-08 17:23:09.824+0000 INFO  [org.neo4j]: sssp/neostore.propertystore.db.index.keys rebuild id generator, highId=1 defragged count=0
2015-02-08 17:23:09.824+0000 INFO  [org.neo4j]: sssp/neostore.propertystore.db.index rebuild id generator, highId=0 defragged count=0
2015-02-08 17:23:09.827+0000 INFO  [org.neo4j]: sssp/neostore.propertystore.db.strings rebuild id generator, highId=1 defragged count=0
2015-02-08 17:23:09.828+0000 INFO  [org.neo4j]: sssp/neostore.propertystore.db.arrays rebuild id generator, highId=1 defragged count=0
2015-02-08 17:23:09.829+0000 INFO  [org.neo4j]: sssp/neostore.propertystore.db rebuild id generator, highId=0 defragged count=0
2015-02-08 17:23:09.830+0000 INFO  [org.neo4j]: sssp/neostore.relationshipstore.db rebuild id generator, highId=0 defragged count=0
2015-02-08 17:23:09.832+0000 INFO  [org.neo4j]: sssp/neostore.nodestore.db.labels rebuild id generator, highId=1 defragged count=0
2015-02-08 17:23:09.833+0000 INFO  [org.neo4j]: sssp/neostore.nodestore.db rebuild id generator, highId=0 defragged count=0
2015-02-08 17:23:09.834+0000 INFO  [org.neo4j]: sssp/neostore.schemastore.db rebuild id generator, highId=1 defragged count=0
2015-02-08 17:23:09.836+0000 INFO  [org.neo4j]: sssp/neostore.relationshipgroupstore.db rebuild id generator, highId=1 defragged count=0
2015-02-08 17:23:09.837+0000 INFO  [org.neo4j]: sssp/neostore rebuild id generator, highId=11 defragged count=0
2015-02-08 17:23:09.838+0000 INFO  [org.neo4j]: Rebuilding lucene scan store, this may take a while
2015-02-08 17:23:09.839+0000 INFO  [org.neo4j]: Lucene scan store rebuilt (roughly -1 nodes)
2015-02-08 17:23:10.078+0000 INFO  [org.neo4j]: --- STARTED diagnostics for KernelDiagnostics:Versions START ---
2015-02-08 17:23:10.078+0000 INFO  [org.neo4j]: Graph Database: org.neo4j.kernel.EmbeddedGraphDatabase StoreId{creationTime=1423416007901, randomId=-5770858006635120250, storeVersion=14687556271633926, upgradeTime=1423416007901, upgradeId=1}
2015-02-08 17:23:10.078+0000 INFO  [org.neo4j]: Kernel version: Neo4j - Graph Database Kernel (neo4j-kernel), version: 2.2.0-M03
2015-02-08 17:23:10.078+0000 INFO  [org.neo4j]: Neo4j component versions:
2015-02-08 17:23:10.082+0000 INFO  [org.neo4j]:   Neo4j - Cypher Compiler 1.9 (neo4j-cypher-compiler-1.9), version: 2.0.4; revision: 2.0.4:2.0-maint:130/4a7d10bc274a5d26a180bbe9df25100e8a694748
2015-02-08 17:23:10.082+0000 INFO  [org.neo4j]:   Neo4j - Consistency Checker (neo4j-consistency-check), version: 2.2.0-M03; revision: 2.2.0-M03:master:640/b2cf43d03d3c600e127aa1d514923d5a7b912ef9
2015-02-08 17:23:10.082+0000 INFO  [org.neo4j]:   Neo4j - Cypher Compiler 2.2 (neo4j-cypher-compiler-2.2), version: 2.2.0-M03; revision: 2.2.0-M03:master:640/b2cf43d03d3c600e127aa1d514923d5a7b912ef9
2015-02-08 17:23:10.082+0000 INFO  [org.neo4j]:   Neo4j - Import Command Line Tool (neo4j-import-tool), version: 2.2.0-M03; revision: 2.2.0-M03:master:640/b2cf43d03d3c600e127aa1d514923d5a7b912ef9
2015-02-08 17:23:10.082+0000 INFO  [org.neo4j]:   Neo4j - Server API (server-api), version: 2.2.0-M03; revision: 2.2.0-M03:master:640/b2cf43d03d3c600e127aa1d514923d5a7b912ef9
2015-02-08 17:23:10.082+0000 INFO  [org.neo4j]:   Neo4j - Graph Database Kernel (neo4j-kernel), version: 2.2.0-M03; revision: 2.2.0-M03:master:640/b2cf43d03d3c600e127aa1d514923d5a7b912ef9
2015-02-08 17:23:10.082+0000 INFO  [org.neo4j]:   Neo4j - Cypher Compiler 2.1 (neo4j-cypher-compiler-2.1), version: 2.1.6; revision: 2.1.6:2.1-maint:605/0d7f25fc608f15c54ec1a01f4ba4564ebfb1071a
2015-02-08 17:23:10.082+0000 INFO  [org.neo4j]:   Neo4j - Generic shell (neo4j-shell), version: 2.2.0-M03; revision: 2.2.0-M03:master:640/b2cf43d03d3c600e127aa1d514923d5a7b912ef9
2015-02-08 17:23:10.082+0000 INFO  [org.neo4j]:   neo4j-udc, version: 2.2.0-M03; revision: 2.2.0-M03:master:640/b2cf43d03d3c600e127aa1d514923d5a7b912ef9
2015-02-08 17:23:10.082+0000 INFO  [org.neo4j]:   Neo4j - Lucene Index (neo4j-lucene-index), version: 2.2.0-M03; revision: 2.2.0-M03:master:640/b2cf43d03d3c600e127aa1d514923d5a7b912ef9
2015-02-08 17:23:10.082+0000 INFO  [org.neo4j]:   Neo4j - Cypher Compiler 2.0 (neo4j-cypher-compiler-2.0), version: 2.0.4; revision: 2.0.4:2.0-maint:130/4a7d10bc274a5d26a180bbe9df25100e8a694748
2015-02-08 17:23:10.082+0000 INFO  [org.neo4j]:   Neo4j - Graph Matching (neo4j-graph-matching), version: 2.2.0-M03; revision: 2.2.0-M03:master:640/b2cf43d03d3c600e127aa1d514923d5a7b912ef9
2015-02-08 17:23:10.082+0000 INFO  [org.neo4j]:   Neo4j - JMX support (neo4j-jmx), version: 2.2.0-M03; revision: 2.2.0-M03:master:640/b2cf43d03d3c600e127aa1d514923d5a7b912ef9
2015-02-08 17:23:10.082+0000 INFO  [org.neo4j]:   Neo4j - Cypher (neo4j-cypher), version: 2.2.0-M03; revision: 2.2.0-M03:master:640/b2cf43d03d3c600e127aa1d514923d5a7b912ef9
2015-02-08 17:23:10.082+0000 INFO  [org.neo4j]:   Neo4j - Graph Algorithms (neo4j-graph-algo), version: 2.2.0-M03; revision: 2.2.0-M03:master:640/b2cf43d03d3c600e127aa1d514923d5a7b912ef9
2015-02-08 17:23:10.082+0000 INFO  [org.neo4j]: --- STARTED diagnostics for KernelDiagnostics:Versions END ---
2015-02-08 17:23:10.083+0000 INFO  [org.neo4j]: --- STARTED diagnostics for NEO_STORE_VERSIONS START ---
2015-02-08 17:23:10.083+0000 INFO  [org.neo4j]: Store versions:
    Store versions:
      NeoStore v0.A.4
      SchemaStore v0.A.4
      NodeStore v0.A.4
      RelationshipStore v0.A.4
      RelationshipTypeStore v0.A.4
      LabelTokenStore v0.A.4
      PropertyStore v0.A.4
      PropertyIndexStore v0.A.4
      StringPropertyStore v0.A.4
      ArrayPropertyStore v0.A.4
      RelationshipGroupStore v0.A.4
2015-02-08 17:23:10.084+0000 INFO  [org.neo4j]: --- STARTED diagnostics for NEO_STORE_VERSIONS END ---
2015-02-08 17:23:10.084+0000 INFO  [org.neo4j]: --- STARTED diagnostics for NEO_STORE_ID_USAGE START ---
2015-02-08 17:23:10.084+0000 INFO  [org.neo4j]: Id usage:
    Id usage:
      SchemaStore: used=1 high=0
      NodeStore: used=0 high=-1
      RelationshipStore: used=0 high=-1
      RelationshipTypeStore: used=0 high=-1
      LabelTokenStore: used=0 high=-1
      PropertyStore: used=0 high=-1
      PropertyIndexStore: used=0 high=-1
      StringPropertyStore: used=1 high=0
      ArrayPropertyStore: used=1 high=0
      RelationshipGroupStore: used=1 high=0
2015-02-08 17:23:10.084+0000 INFO  [org.neo4j]: --- STARTED diagnostics for NEO_STORE_ID_USAGE END ---
2015-02-08 17:23:10.084+0000 INFO  [org.neo4j]: --- STARTED diagnostics for KernelDiagnostics:StoreFiles START ---
2015-02-08 17:23:10.085+0000 INFO  [org.neo4j]: Disk space on partition (Total / Free / Free %): 109683179520 / 50036895744 / 45
Storage files: (filename : modification date - size)
      index:
      - Total: 2015-02-09T02:20:07+0900 - 0.00 B
      lock: 2015-02-09T02:20:08+0900 - 0.00 B
      messages.log: 2015-02-09T02:23:10+0900 - 52.67 kB
      neostore: 2015-02-09T02:20:08+0900 - 99.00 B
      neostore.counts.db.a: 2015-02-09T02:20:07+0900 - 8.00 kB
      neostore.counts.db.b: 2015-02-09T02:20:07+0900 - 8.00 kB
      neostore.id: 2015-02-09T02:23:09+0900 - 9.00 B
      neostore.labeltokenstore.db: 2015-02-09T02:20:08+0900 - 0.00 B
      neostore.labeltokenstore.db.id: 2015-02-09T02:23:09+0900 - 9.00 B
      neostore.labeltokenstore.db.names: 2015-02-09T02:20:08+0900 - 38.00 B
      neostore.labeltokenstore.db.names.id: 2015-02-09T02:23:09+0900 - 9.00 B
      neostore.nodestore.db: 2015-02-09T02:20:08+0900 - 0.00 B
      neostore.nodestore.db.id: 2015-02-09T02:23:09+0900 - 9.00 B
      neostore.nodestore.db.labels: 2015-02-09T02:20:08+0900 - 68.00 B
      neostore.nodestore.db.labels.id: 2015-02-09T02:23:09+0900 - 9.00 B
      neostore.propertystore.db: 2015-02-09T02:20:08+0900 - 0.00 B
      neostore.propertystore.db.arrays: 2015-02-09T02:20:08+0900 - 128.00 B
      neostore.propertystore.db.arrays.id: 2015-02-09T02:23:09+0900 - 9.00 B
      neostore.propertystore.db.id: 2015-02-09T02:23:09+0900 - 9.00 B
      neostore.propertystore.db.index: 2015-02-09T02:20:08+0900 - 0.00 B
      neostore.propertystore.db.index.id: 2015-02-09T02:23:09+0900 - 9.00 B
      neostore.propertystore.db.index.keys: 2015-02-09T02:20:08+0900 - 38.00 B
      neostore.propertystore.db.index.keys.id: 2015-02-09T02:23:09+0900 - 9.00 B
      neostore.propertystore.db.strings: 2015-02-09T02:20:08+0900 - 128.00 B
      neostore.propertystore.db.strings.id: 2015-02-09T02:23:09+0900 - 9.00 B
      neostore.relationshipgroupstore.db: 2015-02-09T02:20:08+0900 - 25.00 B
      neostore.relationshipgroupstore.db.id: 2015-02-09T02:23:09+0900 - 9.00 B
      neostore.relationshipstore.db: 2015-02-09T02:20:08+0900 - 0.00 B
      neostore.relationshipstore.db.id: 2015-02-09T02:23:09+0900 - 9.00 B
      neostore.relationshiptypestore.db: 2015-02-09T02:20:08+0900 - 0.00 B
      neostore.relationshiptypestore.db.id: 2015-02-09T02:23:09+0900 - 9.00 B
      neostore.relationshiptypestore.db.names: 2015-02-09T02:20:08+0900 - 38.00 B
      neostore.relationshiptypestore.db.names.id: 2015-02-09T02:23:09+0900 - 9.00 B
      neostore.schemastore.db: 2015-02-09T02:20:08+0900 - 64.00 B
      neostore.schemastore.db.id: 2015-02-09T02:23:09+0900 - 9.00 B
      neostore.transaction.db.0: 2015-02-09T02:20:08+0900 - 16.00 B
      schema:
        label:
          lucene:
            write.lock: 2015-02-09T02:23:09+0900 - 0.00 B
          - Total: 2015-02-09T02:23:09+0900 - 0.00 B
        - Total: 2015-02-09T02:23:09+0900 - 0.00 B
      - Total: 2015-02-09T02:20:08+0900 - 0.00 B
      store_lock: 2015-02-09T02:20:07+0900 - 0.00 B
